[2026-03-27T04:10:33.633Z] [info] %cDownload the React DevTools for a better development experience: https://react.dev/link/react-devtools font-weight:bold
[2026-03-27T04:10:33.851Z] [warning] The AudioContext was not allowed to start. It must be resumed (or created) after a user gesture on the page. https://developer.chrome.com/blog/autoplay/#web_audio
[2026-03-27T04:10:34.304Z] [log] %c[Vercel Web Analytics]%c Debug mode is enabled by default in development. No requests will be sent to the server. color: rgb(120, 120, 120) color: inherit
[2026-03-27T04:10:34.304Z] [log] %c[Vercel Web Analytics]%c Running queued event color: rgb(120, 120, 120) color: inherit pageview {route: /, path: /}
[2026-03-27T04:10:34.304Z] [log] %c[Vercel Web Analytics]%c [view] http://localhost:3099/ color: rgb(120, 120, 120) color: inherit {o: http://localhost:3099/, sv: 0.1.3, sdkn: @vercel/analytics/next, sdkv: 2.0.1, ts: 1774584634303} /_vercel/insights/view
[2026-03-27T04:11:32.038Z] [log] [Fast Refresh] rebuilding
[2026-03-27T04:11:32.066Z] [log] [Fast Refresh] done in 14ms
[2026-03-27T04:11:37.702Z] [log] [Fast Refresh] rebuilding
[2026-03-27T04:11:37.730Z] [log] [Fast Refresh] done in 13ms
[2026-03-27T04:11:47.586Z] [log] [Fast Refresh] rebuilding
[2026-03-27T04:11:47.614Z] [log] [Fast Refresh] done in 11ms
[2026-03-27T04:11:52.112Z] [log] [Fast Refresh] rebuilding
[2026-03-27T04:11:52.140Z] [log] [Fast Refresh] done in 12ms
[2026-03-27T04:11:58.502Z] [log] [Fast Refresh] rebuilding
[2026-03-27T04:11:58.529Z] [log] [Fast Refresh] done in 12ms
[2026-03-27T04:12:03.794Z] [info] %cDownload the React DevTools for a better development experience: https://react.dev/link/react-devtools font-weight:bold
[2026-03-27T04:12:03.846Z] [warning] The AudioContext was not allowed to start. It must be resumed (or created) after a user gesture on the page. https://developer.chrome.com/blog/autoplay/#web_audio
[2026-03-27T04:12:03.982Z] [log] %c[Vercel Web Analytics]%c Debug mode is enabled by default in development. No requests will be sent to the server. color: rgb(120, 120, 120) color: inherit
[2026-03-27T04:12:03.982Z] [log] %c[Vercel Web Analytics]%c Running queued event color: rgb(120, 120, 120) color: inherit pageview {route: /, path: /}
[2026-03-27T04:12:03.982Z] [log] %c[Vercel Web Analytics]%c [view] http://localhost:3099/ color: rgb(120, 120, 120) color: inherit {o: http://localhost:3099/, sv: 0.1.3, sdkn: @vercel/analytics/next, sdkv: 2.0.1, ts: 1774584723981} /_vercel/insights/view
