[2026-03-27T04:07:58.143Z] GET http://localhost:3099/ → pending (?ms, ?B)
[2026-03-27T04:10:33.485Z] GET http://localhost:3099/ → 200 (67ms, 143261B)
[2026-03-27T04:10:33.555Z] GET http://localhost:3099/_next/static/media/GeistMono_Variable.p.2f937313.woff2 → 200 (10ms, 71004B)
[2026-03-27T04:10:33.555Z] GET http://localhost:3099/_next/static/media/Geist_Variable-s.p.92592eb2.woff2 → 200 (11ms, 69436B)
[2026-03-27T04:10:33.556Z] GET http://localhost:3099/_next/static/chunks/minutes_site_9bbbe2ff._.css → 200 (5ms, 16597B)
[2026-03-27T04:10:33.556Z] GET http://localhost:3099/_next/static/chunks/%5Bturbopack%5D_browser_dev_hmr-client_hmr-client_ts_7e110562._.js → 200 (11ms, 671B)
[2026-03-27T04:10:33.556Z] GET http://localhost:3099/_next/static/chunks/a93c2_next_dist_compiled_react-dom_e71039ca._.js → 200 (47ms, 898731B)
[2026-03-27T04:10:33.556Z] GET http://localhost:3099/_next/static/chunks/a93c2_next_dist_compiled_next-devtools_index_55518f0f.js → 200 (65ms, 1503827B)
[2026-03-27T04:10:33.556Z] GET http://localhost:3099/_next/static/chunks/a93c2_next_dist_compiled_89bf181d._.js → 200 (24ms, 266095B)
[2026-03-27T04:10:33.556Z] GET http://localhost:3099/_next/static/chunks/a93c2_next_dist_client_cb0421fa._.js → 200 (34ms, 505643B)
[2026-03-27T04:10:33.556Z] GET http://localhost:3099/_next/static/chunks/a93c2_next_dist_2ec6b685._.js → 200 (24ms, 173132B)
[2026-03-27T04:10:33.556Z] GET http://localhost:3099/_next/static/chunks/a93c2_%40swc_helpers_cjs_29686ad1._.js → 200 (24ms, 3287B)
[2026-03-27T04:10:33.556Z] GET http://localhost:3099/_next/static/chunks/minutes_site_a0ff3932._.js → 200 (24ms, 649B)
[2026-03-27T04:10:33.556Z] GET http://localhost:3099/_next/static/chunks/turbopack-minutes_site_ee5b6d07._.js → 200 (32ms, 73291B)
[2026-03-27T04:10:33.556Z] GET http://localhost:3099/_next/static/chunks/a93c2_b7a3ce89._.js → 200 (34ms, 156978B)
[2026-03-27T04:10:33.556Z] GET http://localhost:3099/_next/static/chunks/minutes_site_app_layout_tsx_f05ee3f1._.js → 200 (33ms, 292B)
[2026-03-27T04:10:33.556Z] GET http://localhost:3099/_next/static/chunks/minutes_site_components_conversation-topology_tsx_175f509f._.js → 200 (36ms, 1021B)
[2026-03-27T04:10:33.556Z] GET http://localhost:3099/_next/static/chunks/a93c2_28a35d90._.js → 200 (48ms, 749318B)
[2026-03-27T04:10:33.557Z] GET http://localhost:3099/_next/static/chunks/minutes_site_components_0bfd2f54._.js → 200 (36ms, 97132B)
[2026-03-27T04:10:33.557Z] GET http://localhost:3099/_next/static/chunks/minutes_site_app_page_tsx_a2d06460._.js → 200 (36ms, 385B)
[2026-03-27T04:10:33.557Z] GET http://localhost:3099/_next/static/chunks/a93c2_next_dist_client_components_builtin_global-error_a2d06460.js → 200 (36ms, 206B)
[2026-03-27T04:10:33.862Z] GET http://localhost:3099/_next/static/chunks/%5Bturbopack%5D_browser_dev_hmr-client_hmr-client_ts_c8c997ce._.js → 200 (2ms, 16539B)
[2026-03-27T04:10:33.862Z] GET http://localhost:3099/_next/static/chunks/%5Bturbopack%5D_browser_dev_hmr-client_hmr-client_ts_df8ec88d._.js → 200 (2ms, 288B)
[2026-03-27T04:10:33.862Z] GET http://localhost:3099/_next/static/chunks/a93c2_three_build_three_core_2bdcde6b.js → pending (?ms, ?B)
[2026-03-27T04:10:33.862Z] GET http://localhost:3099/_next/static/chunks/a93c2_three_build_three_module_d368dcfc.js → pending (?ms, ?B)
[2026-03-27T04:10:33.862Z] GET http://localhost:3099/_next/static/chunks/a93c2_three_build_three_module_02194b5f.js → 200 (2ms, 96444B)
[2026-03-27T04:10:33.862Z] GET http://localhost:3099/_next/static/chunks/a93c2_%40react-three_fiber_dist_b4fd0568._.js → pending (?ms, ?B)
[2026-03-27T04:10:33.863Z] GET http://localhost:3099/_next/static/chunks/a93c2_91389651._.js → 200 (2ms, ?B)
[2026-03-27T04:10:33.863Z] GET http://localhost:3099/_next/static/chunks/minutes_site_components_conversation-topology_tsx_737631f1._.js → 200 (2ms, 32833B)
[2026-03-27T04:10:33.863Z] GET http://localhost:3099/_next/static/chunks/minutes_site_components_conversation-topology_tsx_89ea59a3._.js → 200 (1ms, 575B)
[2026-03-27T04:10:33.878Z] GET https://va.vercel-scripts.com/v1/script.debug.js → 200 (425ms, 2997B)
[2026-03-27T04:12:03.679Z] GET http://localhost:3099/ → 200 (65ms, 143261B)
[2026-03-27T04:12:03.749Z] GET http://localhost:3099/_next/static/media/GeistMono_Variable.p.2f937313.woff2 → 200 (?ms, ?B)
[2026-03-27T04:12:03.750Z] GET http://localhost:3099/_next/static/media/Geist_Variable-s.p.92592eb2.woff2 → 200 (?ms, ?B)
[2026-03-27T04:12:03.751Z] GET http://localhost:3099/_next/static/chunks/minutes_site_9bbbe2ff._.css → 200 (6ms, 16597B)
[2026-03-27T04:12:03.751Z] GET http://localhost:3099/_next/static/chunks/%5Bturbopack%5D_browser_dev_hmr-client_hmr-client_ts_7e110562._.js → 200 (6ms, 671B)
[2026-03-27T04:12:03.751Z] GET http://localhost:3099/_next/static/chunks/a93c2_next_dist_compiled_react-dom_e71039ca._.js → 200 (35ms, 898731B)
[2026-03-27T04:12:03.751Z] GET http://localhost:3099/_next/static/chunks/a93c2_next_dist_compiled_next-devtools_index_55518f0f.js → 200 (42ms, 1503827B)
[2026-03-27T04:12:03.751Z] GET http://localhost:3099/_next/static/chunks/a93c2_next_dist_compiled_89bf181d._.js → 200 (21ms, 266095B)
[2026-03-27T04:12:03.751Z] GET http://localhost:3099/_next/static/chunks/a93c2_next_dist_client_cb0421fa._.js → 200 (24ms, 505643B)
[2026-03-27T04:12:03.751Z] GET http://localhost:3099/_next/static/chunks/a93c2_next_dist_2ec6b685._.js → 200 (17ms, 173132B)
[2026-03-27T04:12:03.751Z] GET http://localhost:3099/_next/static/chunks/a93c2_%40swc_helpers_cjs_29686ad1._.js → 200 (21ms, 3287B)
[2026-03-27T04:12:03.751Z] GET http://localhost:3099/_next/static/chunks/minutes_site_a0ff3932._.js → 200 (21ms, 649B)
[2026-03-27T04:12:03.751Z] GET http://localhost:3099/_next/static/chunks/turbopack-minutes_site_ee5b6d07._.js → 200 (21ms, 73291B)
[2026-03-27T04:12:03.751Z] GET http://localhost:3099/_next/static/chunks/a93c2_b7a3ce89._.js → 200 (24ms, 156978B)
[2026-03-27T04:12:03.751Z] GET http://localhost:3099/_next/static/chunks/minutes_site_app_layout_tsx_f05ee3f1._.js → 200 (23ms, 292B)
[2026-03-27T04:12:03.751Z] GET http://localhost:3099/_next/static/chunks/minutes_site_components_conversation-topology_tsx_175f509f._.js → 200 (24ms, 1021B)
[2026-03-27T04:12:03.751Z] GET http://localhost:3099/_next/static/chunks/a93c2_28a35d90._.js → 200 (42ms, 749318B)
[2026-03-27T04:12:03.751Z] GET http://localhost:3099/_next/static/chunks/minutes_site_components_0bfd2f54._.js → 200 (35ms, 97132B)
[2026-03-27T04:12:03.751Z] GET http://localhost:3099/_next/static/chunks/minutes_site_app_page_tsx_a2d06460._.js → 200 (24ms, 385B)
[2026-03-27T04:12:03.751Z] GET http://localhost:3099/_next/static/chunks/a93c2_next_dist_client_components_builtin_global-error_a2d06460.js → 200 (35ms, 206B)
[2026-03-27T04:12:03.854Z] GET http://localhost:3099/_next/static/chunks/%5Bturbopack%5D_browser_dev_hmr-client_hmr-client_ts_c8c997ce._.js → 200 (2ms, 16539B)
[2026-03-27T04:12:03.854Z] GET http://localhost:3099/_next/static/chunks/%5Bturbopack%5D_browser_dev_hmr-client_hmr-client_ts_df8ec88d._.js → 200 (1ms, 288B)
[2026-03-27T04:12:03.854Z] GET http://localhost:3099/_next/static/chunks/a93c2_three_build_three_core_2bdcde6b.js → 200 (25ms, 1556762B)
[2026-03-27T04:12:03.854Z] GET http://localhost:3099/_next/static/chunks/a93c2_three_build_three_module_d368dcfc.js → 200 (9ms, 827700B)
[2026-03-27T04:12:03.854Z] GET http://localhost:3099/_next/static/chunks/a93c2_three_build_three_module_02194b5f.js → 200 (2ms, 96444B)
[2026-03-27T04:12:03.854Z] GET http://localhost:3099/_next/static/chunks/a93c2_%40react-three_fiber_dist_b4fd0568._.js → 200 (14ms, 817883B)
[2026-03-27T04:12:03.854Z] GET http://localhost:3099/_next/static/chunks/a93c2_91389651._.js → 200 (2ms, 45742B)
[2026-03-27T04:12:03.854Z] GET http://localhost:3099/_next/static/chunks/minutes_site_components_conversation-topology_tsx_737631f1._.js → 200 (2ms, 32719B)
[2026-03-27T04:12:03.854Z] GET http://localhost:3099/_next/static/chunks/minutes_site_components_conversation-topology_tsx_89ea59a3._.js → 200 (2ms, 575B)
[2026-03-27T04:12:03.981Z] GET https://va.vercel-scripts.com/v1/script.debug.js → 200 (1ms, 2997B)
